<?xml version="1.0" encoding="utf-8"?>
<?AutomationStudio Version=3.0?>
<Transfer xmlns="http://br-automation.co.at/AS/Transfer">
  <OperatingSystem Version="I4.33"/>
  <Hardware Target="SG4"/>
  <Operation Delete="Servo.br"/>
  <Operation Delete="Conveyor.br"/>
  <Operation Delete="Feeder.br"/>
  <Operation Delete="Camera_A.br"/>
  <Operation Delete="Camera.br"/>
  <Operation Delete="MES_Comm.br"/>
  <Operation Delete="RSI.br"/>
  <Operation Delete="MES_machin.br"/>
  <Operation Delete="AsHttp.br"/>
  <Operation Delete="AsTCP.br"/>
  <Operation Delete="MTBasics.br"/>
  <Operation Delete="AsUDP.br"/>
  <Operation Delete="asieccon.br"/>
  <Operation Delete="astime.br"/>
  <Operation Delete="brsystem.br"/>
  <Operation Delete="sys_lib.br"/>
  <Operation Download="ashwd.br" Memory="SystemROM"/>
  <Operation Download="asfw.br" Memory="SystemROM"/>
  <Operation Download="arconfig.br" Memory="SystemROM"/>
  <Operation Download="sysconf.br" Memory="SystemROM"/>
  <Operation Restart="warm"/>
  <Operation Download="udbdef.br" Memory="UserROM"/>
  <Operation Download="TCData.br" Memory="SystemROM"/>
  <Operation Download="ashwac.br" Memory="UserROM"/>
  <Operation Download="iomap.br" Memory="UserROM"/>
  <Operation Download="User.br" Memory="UserROM"/>
  <Operation Download="Role.br" Memory="UserROM"/>
  <Operation Download="runtime.br" Memory="UserROM"/>
  <Operation Download="standard.br" Memory="UserROM"/>
  <Operation Download="MTTypes.br" Memory="UserROM"/>
  <Operation Download="asstring.br" Memory="UserROM"/>
  <Operation Download="sys_lib.br" Memory="UserROM"/>
  <Operation Download="brsystem.br" Memory="UserROM"/>
  <Operation Download="astime.br" Memory="UserROM"/>
  <Operation Download="asieccon.br" Memory="UserROM"/>
  <Operation Download="AsUDP.br" Memory="UserROM"/>
  <Operation Download="MTBasics.br" Memory="UserROM"/>
  <Operation Download="AsTCP.br" Memory="UserROM"/>
  <Operation Download="AsHttp.br" Memory="UserROM"/>
  <Operation Download="MES_machin.br" Memory="UserROM"/>
  <Operation Download="RSI.br" Memory="UserROM"/>
  <Operation Download="MES_Comm.br" Memory="UserROM"/>
  <Operation Download="Camera.br" Memory="UserROM"/>
  <Operation Download="Camera_A.br" Memory="UserROM"/>
  <Operation Download="Feeder.br" Memory="UserROM"/>
  <Operation Download="Conveyor.br" Memory="UserROM"/>
  <Operation Download="Servo.br" Memory="UserROM"/>
</Transfer>